[debug] [2020-12-03T05:54:57.062Z] ----------------------------------------------------------------------
[debug] [2020-12-03T05:54:57.064Z] Command:       /usr/local/bin/node /usr/local/bin/firebase deploy
[debug] [2020-12-03T05:54:57.065Z] CLI Version:   8.16.2
[debug] [2020-12-03T05:54:57.065Z] Platform:      darwin
[debug] [2020-12-03T05:54:57.065Z] Node Version:  v12.18.0
[debug] [2020-12-03T05:54:57.066Z] Time:          Thu Dec 03 2020 08:54:57 GMT+0300 (Arabian Standard Time)
[debug] [2020-12-03T05:54:57.066Z] ----------------------------------------------------------------------
[debug] [2020-12-03T05:54:57.066Z] 
[debug] [2020-12-03T05:54:57.079Z] > command requires scopes: ["email","openid","https://www.googleapis.com/auth/cloudplatformprojects.readonly","https://www.googleapis.com/auth/firebase","https://www.googleapis.com/auth/cloud-platform"]
[debug] [2020-12-03T05:54:57.079Z] > authorizing via signed-in user
[debug] [2020-12-03T05:54:57.079Z] [iam] checking project dawerapp for permissions ["cloudfunctions.functions.create","cloudfunctions.functions.delete","cloudfunctions.functions.get","cloudfunctions.functions.list","cloudfunctions.functions.update","cloudfunctions.operations.get","firebase.projects.get"]
[debug] [2020-12-03T05:54:57.084Z] >>> HTTP REQUEST POST https://cloudresourcemanager.googleapis.com/v1/projects/dawerapp:testIamPermissions  
 {"permissions":["cloudfunctions.functions.create","cloudfunctions.functions.delete","cloudfunctions.functions.get","cloudfunctions.functions.list","cloudfunctions.functions.update","cloudfunctions.operations.get","firebase.projects.get"]}
[debug] [2020-12-03T05:54:58.068Z] <<< HTTP RESPONSE 200 {"content-type":"application/json; charset=UTF-8","vary":"X-Origin, Referer, Origin,Accept-Encoding","date":"Thu, 03 Dec 2020 05:55:21 GMT","server":"ESF","cache-control":"private","x-xss-protection":"0","x-frame-options":"SAMEORIGIN","x-content-type-options":"nosniff","server-timing":"gfet4t7; dur=621","alt-svc":"h3-29=\":443\"; ma=2592000,h3-T051=\":443\"; ma=2592000,h3-Q050=\":443\"; ma=2592000,h3-Q046=\":443\"; ma=2592000,h3-Q043=\":443\"; ma=2592000,quic=\":443\"; ma=2592000; v=\"46,43\"","accept-ranges":"none","transfer-encoding":"chunked"}
[debug] [2020-12-03T05:54:58.071Z] >>> HTTP REQUEST POST https://iam.googleapis.com/v1/projects/dawerapp/serviceAccounts/dawerapp@appspot.gserviceaccount.com:testIamPermissions  
 {"permissions":["iam.serviceAccounts.actAs"]}
[debug] [2020-12-03T05:54:58.978Z] <<< HTTP RESPONSE 200 {"content-type":"application/json; charset=UTF-8","vary":"X-Origin, Referer, Origin,Accept-Encoding","date":"Thu, 03 Dec 2020 05:55:22 GMT","server":"ESF","cache-control":"private","x-xss-protection":"0","x-frame-options":"SAMEORIGIN","x-content-type-options":"nosniff","alt-svc":"h3-29=\":443\"; ma=2592000,h3-T051=\":443\"; ma=2592000,h3-Q050=\":443\"; ma=2592000,h3-Q046=\":443\"; ma=2592000,h3-Q043=\":443\"; ma=2592000,quic=\":443\"; ma=2592000; v=\"46,43\"","accept-ranges":"none","transfer-encoding":"chunked"}
[warn] ⚠  functions: package.json indicates an outdated version of firebase-functions.
Please upgrade using npm install --save firebase-functions@latest in your functions directory. 
[info] 
[info] === Deploying to 'dawerapp'...
[info] 
[info] i  deploying functions 
[info] Running command: npm --prefix "$RESOURCE_DIR" run lint
[info] ✔  functions: Finished running predeploy script. 
[debug] [2020-12-03T05:55:04.731Z] > [functions] package.json contents: {
  "name": "functions",
  "description": "Cloud Functions for Firebase",
  "scripts": {
    "lint": "eslint .",
    "serve": "firebase emulators:start --only functions",
    "shell": "firebase functions:shell",
    "start": "npm run shell",
    "deploy": "firebase deploy --only functions",
    "logs": "firebase functions:log"
  },
  "engines": {
    "node": "12"
  },
  "main": "index.js",
  "dependencies": {
    "firebase-admin": "^9.2.0",
    "firebase-functions": "^3.11.0",
    "moment": "^2.29.1"
  },
  "devDependencies": {
    "eslint": "^5.12.0",
    "eslint-plugin-promise": "^4.0.1",
    "firebase-functions-test": "^0.2.0"
  },
  "private": true
}
[info] i  functions: ensuring required API cloudfunctions.googleapis.com is enabled... 
[info] i  functions: ensuring required API cloudbuild.googleapis.com is enabled... 
[debug] [2020-12-03T05:55:07.533Z] >>> HTTP REQUEST GET https://serviceusage.googleapis.com/v1/projects/dawerapp/services/cloudfunctions.googleapis.com  
 
[debug] [2020-12-03T05:55:07.534Z] >>> HTTP REQUEST GET https://serviceusage.googleapis.com/v1/projects/dawerapp/services/runtimeconfig.googleapis.com  
 
[debug] [2020-12-03T05:55:07.534Z] >>> HTTP REQUEST GET https://serviceusage.googleapis.com/v1/projects/dawerapp/services/cloudbuild.googleapis.com  
 
[debug] [2020-12-03T05:55:08.616Z] <<< HTTP RESPONSE 200 {"content-type":"application/json; charset=UTF-8","vary":"X-Origin, Referer, Origin,Accept-Encoding","date":"Thu, 03 Dec 2020 05:55:32 GMT","server":"ESF","cache-control":"private","x-xss-protection":"0","x-frame-options":"SAMEORIGIN","x-content-type-options":"nosniff","alt-svc":"h3-29=\":443\"; ma=2592000,h3-T051=\":443\"; ma=2592000,h3-Q050=\":443\"; ma=2592000,h3-Q046=\":443\"; ma=2592000,h3-Q043=\":443\"; ma=2592000,quic=\":443\"; ma=2592000; v=\"46,43\"","accept-ranges":"none","transfer-encoding":"chunked"}
[debug] [2020-12-03T05:55:08.687Z] <<< HTTP RESPONSE 200 {"content-type":"application/json; charset=UTF-8","vary":"X-Origin, Referer, Origin,Accept-Encoding","date":"Thu, 03 Dec 2020 05:55:32 GMT","server":"ESF","cache-control":"private","x-xss-protection":"0","x-frame-options":"SAMEORIGIN","x-content-type-options":"nosniff","alt-svc":"h3-29=\":443\"; ma=2592000,h3-T051=\":443\"; ma=2592000,h3-Q050=\":443\"; ma=2592000,h3-Q046=\":443\"; ma=2592000,h3-Q043=\":443\"; ma=2592000,quic=\":443\"; ma=2592000; v=\"46,43\"","accept-ranges":"none","transfer-encoding":"chunked"}
[info] ✔  functions: required API cloudbuild.googleapis.com is enabled 
[debug] [2020-12-03T05:55:08.789Z] <<< HTTP RESPONSE 200 {"content-type":"application/json; charset=UTF-8","vary":"X-Origin, Referer, Origin,Accept-Encoding","date":"Thu, 03 Dec 2020 05:55:32 GMT","server":"ESF","cache-control":"private","x-xss-protection":"0","x-frame-options":"SAMEORIGIN","x-content-type-options":"nosniff","alt-svc":"h3-29=\":443\"; ma=2592000,h3-T051=\":443\"; ma=2592000,h3-Q050=\":443\"; ma=2592000,h3-Q046=\":443\"; ma=2592000,h3-Q043=\":443\"; ma=2592000,quic=\":443\"; ma=2592000; v=\"46,43\"","accept-ranges":"none","transfer-encoding":"chunked"}
[info] ✔  functions: required API cloudfunctions.googleapis.com is enabled 
[debug] [2020-12-03T05:55:08.791Z] >>> HTTP REQUEST GET https://firebase.googleapis.com/v1beta1/projects/dawerapp/adminSdkConfig  
 
[debug] [2020-12-03T05:55:09.328Z] <<< HTTP RESPONSE 200 {"content-type":"application/json; charset=UTF-8","vary":"X-Origin, Referer, Origin,Accept-Encoding","date":"Thu, 03 Dec 2020 05:55:33 GMT","server":"ESF","cache-control":"private","x-xss-protection":"0","x-frame-options":"SAMEORIGIN","x-content-type-options":"nosniff","alt-svc":"h3-29=\":443\"; ma=2592000,h3-T051=\":443\"; ma=2592000,h3-Q050=\":443\"; ma=2592000,h3-Q046=\":443\"; ma=2592000,h3-Q043=\":443\"; ma=2592000,quic=\":443\"; ma=2592000; v=\"46,43\"","accept-ranges":"none","transfer-encoding":"chunked"}
[info] i  functions: preparing functions directory for uploading... 
[debug] [2020-12-03T05:55:09.329Z] >>> HTTP REQUEST GET https://runtimeconfig.googleapis.com/v1beta1/projects/dawerapp/configs  
 
[debug] [2020-12-03T05:55:10.498Z] <<< HTTP RESPONSE 200 {"content-type":"application/json; charset=UTF-8","vary":"X-Origin, Referer, Origin,Accept-Encoding","date":"Thu, 03 Dec 2020 05:55:34 GMT","server":"ESF","cache-control":"private","x-xss-protection":"0","x-frame-options":"SAMEORIGIN","x-content-type-options":"nosniff","alt-svc":"h3-29=\":443\"; ma=2592000,h3-T051=\":443\"; ma=2592000,h3-Q050=\":443\"; ma=2592000,h3-Q046=\":443\"; ma=2592000,h3-Q043=\":443\"; ma=2592000,quic=\":443\"; ma=2592000; v=\"46,43\"","accept-ranges":"none","transfer-encoding":"chunked"}
[info] i  functions: packaged functions (38.37 KB) for uploading 
[debug] [2020-12-03T05:55:10.879Z] >>> HTTP REQUEST GET https://cloudfunctions.googleapis.com/v1/projects/dawerapp/locations/-/functions  
 
[debug] [2020-12-03T05:55:11.539Z] <<< HTTP RESPONSE 200 {"content-type":"application/json; charset=UTF-8","vary":"X-Origin, Referer, Origin,Accept-Encoding","date":"Thu, 03 Dec 2020 05:55:35 GMT","server":"ESF","cache-control":"private","x-xss-protection":"0","x-frame-options":"SAMEORIGIN","x-content-type-options":"nosniff","alt-svc":"h3-29=\":443\"; ma=2592000,h3-T051=\":443\"; ma=2592000,h3-Q050=\":443\"; ma=2592000,h3-Q046=\":443\"; ma=2592000,h3-Q043=\":443\"; ma=2592000,quic=\":443\"; ma=2592000; v=\"46,43\"","accept-ranges":"none","transfer-encoding":"chunked"}
[debug] [2020-12-03T05:55:11.543Z] >>> HTTP REQUEST POST https://cloudfunctions.googleapis.com/v1/projects/dawerapp/locations/us-central1/functions:generateUploadUrl  
 
[debug] [2020-12-03T05:55:12.672Z] <<< HTTP RESPONSE 200 {"content-type":"application/json; charset=UTF-8","vary":"X-Origin, Referer, Origin,Accept-Encoding","date":"Thu, 03 Dec 2020 05:55:36 GMT","server":"ESF","cache-control":"private","x-xss-protection":"0","x-frame-options":"SAMEORIGIN","x-content-type-options":"nosniff","alt-svc":"h3-29=\":443\"; ma=2592000,h3-T051=\":443\"; ma=2592000,h3-Q050=\":443\"; ma=2592000,h3-Q046=\":443\"; ma=2592000,h3-Q043=\":443\"; ma=2592000,quic=\":443\"; ma=2592000; v=\"46,43\"","accept-ranges":"none","transfer-encoding":"chunked"}
[debug] [2020-12-03T05:55:12.673Z] >>> HTTP REQUEST PUT https://storage.googleapis.com/gcf-upload-us-central1-cc4bc4fc-7fd3-4e18-b540-ea89d7803885/aa2c6edd-0dfa-41e8-a313-f9b518bbd94c.zip?GoogleAccessId=service-185539839396@gcf-admin-robot.iam.gserviceaccount.com&Expires=1606976736&Signature=XNI94z7OxGBjkl8dfZJ5kpDM9tbcb%2FMVgKSUM95lSz2oaP0oPlpK5WJZ0Q%2F2WMjne7fFqfOYS9rYsoMp5H8ZTuGByZbKA3c%2ByZ0ZnDZ8kn8v4hHEz4WpG34JOYg9aLq3XMFv5NC94UFzm9nWxoTADYaaJx6VISdGbPuUUa4D7T9T7lbv9r22VXLmMgwj5DwHSExmbws4580weSsClm2tcisSkRrKuOtuekPhEwKoerkCjGI3A073QSw4je3XH7DUDj9NSFgYtqVk6z%2FAErpCzkDdzLrrLXiJNhAaoXMr1flRTvjEVTIAL6Ppstggu0O9c%2BJZq4Rp%2BO1x7QlHIWs7XA%3D%3D  
 <request body omitted>
[debug] [2020-12-03T05:55:13.404Z] <<< HTTP RESPONSE 200 {"x-guploader-uploadid":"ABg5-UwYS6HTNuTUIYuU-PTu6KAjH9kvNUW2dzJO_sQ3khjRyZwXObpVHHzFvHYVblWodhMX88ZqskJbaJaQZ6bGafkhDazFaw","etag":"\"148f40f3e8e5c964b207d3981b13787b\"","x-goog-generation":"1606974937275328","x-goog-metageneration":"1","x-goog-hash":"crc32c=deYIbg==, md5=FI9A8+jlyWSyB9OYGxN4ew==","x-goog-stored-content-length":"39292","x-goog-stored-content-encoding":"identity","vary":"Origin","content-length":"0","date":"Thu, 03 Dec 2020 05:55:37 GMT","server":"UploadServer","content-type":"text/html; charset=UTF-8","alt-svc":"h3-29=\":443\"; ma=2592000,h3-T051=\":443\"; ma=2592000,h3-Q050=\":443\"; ma=2592000,h3-Q046=\":443\"; ma=2592000,h3-Q043=\":443\"; ma=2592000,quic=\":443\"; ma=2592000; v=\"46,43\""}
[info] ✔  functions: functions folder uploaded successfully 
[info] i  functions: updating Node.js 12 function newNodeDetected(us-central1)... 
[debug] [2020-12-03T05:55:13.410Z] Trigger is:  {"eventTrigger":{"resource":"projects/_/instances/dawerapp/refs/User/{userId}/Name","eventType":"providers/google.firebase.database/eventTypes/ref.write","service":"firebaseio.com"}}
[info] i  functions: updating Node.js 12 function pushDataEveryMinute(us-central1)... 
[debug] [2020-12-03T05:55:13.411Z] Trigger is:  {"eventTrigger":{"resource":"projects/dawerapp/topics/firebase-schedule-pushDataEveryMinute-us-central1","eventType":"google.pubsub.topic.publish","service":"pubsub.googleapis.com"}}
[info] i  functions: updating Node.js 12 function pushDataEveryDay(us-central1)... 
[debug] [2020-12-03T05:55:13.411Z] Trigger is:  {"eventTrigger":{"resource":"projects/dawerapp/topics/firebase-schedule-pushDataEveryDay-us-central1","eventType":"google.pubsub.topic.publish","service":"pubsub.googleapis.com"}}
[info] i  scheduler: ensuring required API cloudscheduler.googleapis.com is enabled... 
[info] i  pubsub: ensuring required API pubsub.googleapis.com is enabled... 
[debug] [2020-12-03T05:55:13.413Z] >>> HTTP REQUEST GET https://serviceusage.googleapis.com/v1/projects/dawerapp/services/cloudscheduler.googleapis.com  
 
[debug] [2020-12-03T05:55:13.413Z] >>> HTTP REQUEST GET https://serviceusage.googleapis.com/v1/projects/dawerapp/services/pubsub.googleapis.com  
 
[debug] [2020-12-03T05:55:14.636Z] <<< HTTP RESPONSE 200 {"content-type":"application/json; charset=UTF-8","vary":"X-Origin, Referer, Origin,Accept-Encoding","date":"Thu, 03 Dec 2020 05:55:38 GMT","server":"ESF","cache-control":"private","x-xss-protection":"0","x-frame-options":"SAMEORIGIN","x-content-type-options":"nosniff","alt-svc":"h3-29=\":443\"; ma=2592000,h3-T051=\":443\"; ma=2592000,h3-Q050=\":443\"; ma=2592000,h3-Q046=\":443\"; ma=2592000,h3-Q043=\":443\"; ma=2592000,quic=\":443\"; ma=2592000; v=\"46,43\"","accept-ranges":"none","transfer-encoding":"chunked"}
[info] ✔  scheduler: required API cloudscheduler.googleapis.com is enabled 
[debug] [2020-12-03T05:55:14.730Z] <<< HTTP RESPONSE 200 {"content-type":"application/json; charset=UTF-8","vary":"X-Origin, Referer, Origin,Accept-Encoding","date":"Thu, 03 Dec 2020 05:55:38 GMT","server":"ESF","cache-control":"private","x-xss-protection":"0","x-frame-options":"SAMEORIGIN","x-content-type-options":"nosniff","alt-svc":"h3-29=\":443\"; ma=2592000,h3-T051=\":443\"; ma=2592000,h3-Q050=\":443\"; ma=2592000,h3-Q046=\":443\"; ma=2592000,h3-Q043=\":443\"; ma=2592000,quic=\":443\"; ma=2592000; v=\"46,43\"","accept-ranges":"none","transfer-encoding":"chunked"}
[info] ✔  pubsub: required API pubsub.googleapis.com is enabled 
[debug] [2020-12-03T05:55:14.733Z] >>> HTTP REQUEST GET https://cloudscheduler.googleapis.com/v1beta1/projects/dawerapp/locations/us-central1/jobs/firebase-schedule-pushDataEveryMinute-us-central1  
 
[debug] [2020-12-03T05:55:15.525Z] <<< HTTP RESPONSE 200 {"content-type":"application/json; charset=UTF-8","vary":"X-Origin, Referer, Origin,Accept-Encoding","date":"Thu, 03 Dec 2020 05:55:39 GMT","server":"ESF","cache-control":"private","x-xss-protection":"0","x-frame-options":"SAMEORIGIN","x-content-type-options":"nosniff","alt-svc":"h3-29=\":443\"; ma=2592000,h3-T051=\":443\"; ma=2592000,h3-Q050=\":443\"; ma=2592000,h3-Q046=\":443\"; ma=2592000,h3-Q043=\":443\"; ma=2592000,quic=\":443\"; ma=2592000; v=\"46,43\"","accept-ranges":"none","transfer-encoding":"chunked"}
[info] i  functions: scheduler job firebase-schedule-pushDataEveryMinute-us-central1 is up to date, no changes required 
[debug] [2020-12-03T05:55:15.527Z] >>> HTTP REQUEST GET https://cloudscheduler.googleapis.com/v1beta1/projects/dawerapp/locations/us-central1/jobs/firebase-schedule-pushDataEveryDay-us-central1  
 
[debug] [2020-12-03T05:55:16.266Z] <<< HTTP RESPONSE 200 {"content-type":"application/json; charset=UTF-8","vary":"X-Origin, Referer, Origin,Accept-Encoding","date":"Thu, 03 Dec 2020 05:55:40 GMT","server":"ESF","cache-control":"private","x-xss-protection":"0","x-frame-options":"SAMEORIGIN","x-content-type-options":"nosniff","alt-svc":"h3-29=\":443\"; ma=2592000,h3-T051=\":443\"; ma=2592000,h3-Q050=\":443\"; ma=2592000,h3-Q046=\":443\"; ma=2592000,h3-Q043=\":443\"; ma=2592000,quic=\":443\"; ma=2592000; v=\"46,43\"","accept-ranges":"none","transfer-encoding":"chunked"}
[info] i  functions: scheduler job firebase-schedule-pushDataEveryDay-us-central1 is up to date, no changes required 
[debug] [2020-12-03T05:55:16.268Z] >>> HTTP REQUEST PATCH https://cloudfunctions.googleapis.com/v1/projects/dawerapp/locations/us-central1/functions/newNodeDetected {"updateMask":"sourceUploadUrl,name,labels,runtime,environmentVariables,eventTrigger.resource,eventTrigger.eventType,eventTrigger.service,eventTrigger.failurePolicy"} 
 {"sourceUploadUrl":"https://storage.googleapis.com/gcf-upload-us-central1-cc4bc4fc-7fd3-4e18-b540-ea89d7803885/aa2c6edd-0dfa-41e8-a313-f9b518bbd94c.zip?GoogleAccessId=service-185539839396@gcf-admin-robot.iam.gserviceaccount.com&Expires=1606976736&Signature=XNI94z7OxGBjkl8dfZJ5kpDM9tbcb%2FMVgKSUM95lSz2oaP0oPlpK5WJZ0Q%2F2WMjne7fFqfOYS9rYsoMp5H8ZTuGByZbKA3c%2ByZ0ZnDZ8kn8v4hHEz4WpG34JOYg9aLq3XMFv5NC94UFzm9nWxoTADYaaJx6VISdGbPuUUa4D7T9T7lbv9r22VXLmMgwj5DwHSExmbws4580weSsClm2tcisSkRrKuOtuekPhEwKoerkCjGI3A073QSw4je3XH7DUDj9NSFgYtqVk6z%2FAErpCzkDdzLrrLXiJNhAaoXMr1flRTvjEVTIAL6Ppstggu0O9c%2BJZq4Rp%2BO1x7QlHIWs7XA%3D%3D","name":"projects/dawerapp/locations/us-central1/functions/newNodeDetected","labels":{"deployment-tool":"cli-firebase"},"eventTrigger":{"resource":"projects/_/instances/dawerapp/refs/User/{userId}/Name","eventType":"providers/google.firebase.database/eventTypes/ref.write","service":"firebaseio.com"},"runtime":"nodejs12","environmentVariables":{"FIREBASE_CONFIG":"{\"projectId\":\"dawerapp\",\"databaseURL\":\"https://dawerapp.firebaseio.com\",\"storageBucket\":\"dawerapp.appspot.com\",\"locationId\":\"us-central\"}"}}
[debug] [2020-12-03T05:55:16.270Z] >>> HTTP REQUEST PATCH https://cloudfunctions.googleapis.com/v1/projects/dawerapp/locations/us-central1/functions/pushDataEveryMinute {"updateMask":"sourceUploadUrl,name,labels,runtime,environmentVariables,eventTrigger.resource,eventTrigger.eventType,eventTrigger.service,eventTrigger.failurePolicy"} 
 {"sourceUploadUrl":"https://storage.googleapis.com/gcf-upload-us-central1-cc4bc4fc-7fd3-4e18-b540-ea89d7803885/aa2c6edd-0dfa-41e8-a313-f9b518bbd94c.zip?GoogleAccessId=service-185539839396@gcf-admin-robot.iam.gserviceaccount.com&Expires=1606976736&Signature=XNI94z7OxGBjkl8dfZJ5kpDM9tbcb%2FMVgKSUM95lSz2oaP0oPlpK5WJZ0Q%2F2WMjne7fFqfOYS9rYsoMp5H8ZTuGByZbKA3c%2ByZ0ZnDZ8kn8v4hHEz4WpG34JOYg9aLq3XMFv5NC94UFzm9nWxoTADYaaJx6VISdGbPuUUa4D7T9T7lbv9r22VXLmMgwj5DwHSExmbws4580weSsClm2tcisSkRrKuOtuekPhEwKoerkCjGI3A073QSw4je3XH7DUDj9NSFgYtqVk6z%2FAErpCzkDdzLrrLXiJNhAaoXMr1flRTvjEVTIAL6Ppstggu0O9c%2BJZq4Rp%2BO1x7QlHIWs7XA%3D%3D","name":"projects/dawerapp/locations/us-central1/functions/pushDataEveryMinute","labels":{"deployment-tool":"cli-firebase","deployment-scheduled":"true"},"eventTrigger":{"resource":"projects/dawerapp/topics/firebase-schedule-pushDataEveryMinute-us-central1","eventType":"google.pubsub.topic.publish","service":"pubsub.googleapis.com"},"runtime":"nodejs12","environmentVariables":{"FIREBASE_CONFIG":"{\"projectId\":\"dawerapp\",\"databaseURL\":\"https://dawerapp.firebaseio.com\",\"storageBucket\":\"dawerapp.appspot.com\",\"locationId\":\"us-central\"}"}}
[debug] [2020-12-03T05:55:16.270Z] >>> HTTP REQUEST PATCH https://cloudfunctions.googleapis.com/v1/projects/dawerapp/locations/us-central1/functions/pushDataEveryDay {"updateMask":"sourceUploadUrl,name,labels,runtime,environmentVariables,eventTrigger.resource,eventTrigger.eventType,eventTrigger.service,eventTrigger.failurePolicy"} 
 {"sourceUploadUrl":"https://storage.googleapis.com/gcf-upload-us-central1-cc4bc4fc-7fd3-4e18-b540-ea89d7803885/aa2c6edd-0dfa-41e8-a313-f9b518bbd94c.zip?GoogleAccessId=service-185539839396@gcf-admin-robot.iam.gserviceaccount.com&Expires=1606976736&Signature=XNI94z7OxGBjkl8dfZJ5kpDM9tbcb%2FMVgKSUM95lSz2oaP0oPlpK5WJZ0Q%2F2WMjne7fFqfOYS9rYsoMp5H8ZTuGByZbKA3c%2ByZ0ZnDZ8kn8v4hHEz4WpG34JOYg9aLq3XMFv5NC94UFzm9nWxoTADYaaJx6VISdGbPuUUa4D7T9T7lbv9r22VXLmMgwj5DwHSExmbws4580weSsClm2tcisSkRrKuOtuekPhEwKoerkCjGI3A073QSw4je3XH7DUDj9NSFgYtqVk6z%2FAErpCzkDdzLrrLXiJNhAaoXMr1flRTvjEVTIAL6Ppstggu0O9c%2BJZq4Rp%2BO1x7QlHIWs7XA%3D%3D","name":"projects/dawerapp/locations/us-central1/functions/pushDataEveryDay","labels":{"deployment-tool":"cli-firebase","deployment-scheduled":"true"},"eventTrigger":{"resource":"projects/dawerapp/topics/firebase-schedule-pushDataEveryDay-us-central1","eventType":"google.pubsub.topic.publish","service":"pubsub.googleapis.com"},"runtime":"nodejs12","environmentVariables":{"FIREBASE_CONFIG":"{\"projectId\":\"dawerapp\",\"databaseURL\":\"https://dawerapp.firebaseio.com\",\"storageBucket\":\"dawerapp.appspot.com\",\"locationId\":\"us-central\"}"}}
[debug] [2020-12-03T05:55:17.133Z] <<< HTTP RESPONSE 200 {"content-type":"application/json; charset=UTF-8","vary":"X-Origin, Referer, Origin,Accept-Encoding","date":"Thu, 03 Dec 2020 05:55:40 GMT","server":"ESF","cache-control":"private","x-xss-protection":"0","x-frame-options":"SAMEORIGIN","x-content-type-options":"nosniff","alt-svc":"h3-29=\":443\"; ma=2592000,h3-T051=\":443\"; ma=2592000,h3-Q050=\":443\"; ma=2592000,h3-Q046=\":443\"; ma=2592000,h3-Q043=\":443\"; ma=2592000,quic=\":443\"; ma=2592000; v=\"46,43\"","accept-ranges":"none","transfer-encoding":"chunked"}
[debug] [2020-12-03T05:55:17.136Z] <<< HTTP RESPONSE 200 {"content-type":"application/json; charset=UTF-8","vary":"X-Origin, Referer, Origin,Accept-Encoding","date":"Thu, 03 Dec 2020 05:55:40 GMT","server":"ESF","cache-control":"private","x-xss-protection":"0","x-frame-options":"SAMEORIGIN","x-content-type-options":"nosniff","alt-svc":"h3-29=\":443\"; ma=2592000,h3-T051=\":443\"; ma=2592000,h3-Q050=\":443\"; ma=2592000,h3-Q046=\":443\"; ma=2592000,h3-Q043=\":443\"; ma=2592000,quic=\":443\"; ma=2592000; v=\"46,43\"","accept-ranges":"none","transfer-encoding":"chunked"}
[debug] [2020-12-03T05:55:17.137Z] <<< HTTP RESPONSE 200 {"content-type":"application/json; charset=UTF-8","vary":"X-Origin, Referer, Origin,Accept-Encoding","date":"Thu, 03 Dec 2020 05:55:40 GMT","server":"ESF","cache-control":"private","x-xss-protection":"0","x-frame-options":"SAMEORIGIN","x-content-type-options":"nosniff","alt-svc":"h3-29=\":443\"; ma=2592000,h3-T051=\":443\"; ma=2592000,h3-Q050=\":443\"; ma=2592000,h3-Q046=\":443\"; ma=2592000,h3-Q043=\":443\"; ma=2592000,quic=\":443\"; ma=2592000; v=\"46,43\"","accept-ranges":"none","transfer-encoding":"chunked"}
[debug] [2020-12-03T05:55:17.143Z] >>> HTTP REQUEST GET https://cloudfunctions.googleapis.com/v1/operations/ZGF3ZXJhcHAvdXMtY2VudHJhbDEvbmV3Tm9kZURldGVjdGVkL2I3QW54S2Y5alNF  
 
[debug] [2020-12-03T05:55:17.143Z] >>> HTTP REQUEST GET https://cloudfunctions.googleapis.com/v1/operations/ZGF3ZXJhcHAvdXMtY2VudHJhbDEvcHVzaERhdGFFdmVyeU1pbnV0ZS93dXlJc09veE1Ldw  
 
[debug] [2020-12-03T05:55:17.144Z] >>> HTTP REQUEST GET https://cloudfunctions.googleapis.com/v1/operations/ZGF3ZXJhcHAvdXMtY2VudHJhbDEvcHVzaERhdGFFdmVyeURheS93X2drX2RzQTRVMA  
 
[debug] [2020-12-03T05:55:17.550Z] <<< HTTP RESPONSE 200 {"content-type":"application/json; charset=UTF-8","vary":"X-Origin, Referer, Origin,Accept-Encoding","date":"Thu, 03 Dec 2020 05:55:41 GMT","server":"ESF","cache-control":"private","x-xss-protection":"0","x-frame-options":"SAMEORIGIN","x-content-type-options":"nosniff","alt-svc":"h3-29=\":443\"; ma=2592000,h3-T051=\":443\"; ma=2592000,h3-Q050=\":443\"; ma=2592000,h3-Q046=\":443\"; ma=2592000,h3-Q043=\":443\"; ma=2592000,quic=\":443\"; ma=2592000; v=\"46,43\"","accept-ranges":"none","transfer-encoding":"chunked"}
[debug] [2020-12-03T05:55:17.571Z] <<< HTTP RESPONSE 200 {"content-type":"application/json; charset=UTF-8","vary":"X-Origin, Referer, Origin,Accept-Encoding","date":"Thu, 03 Dec 2020 05:55:41 GMT","server":"ESF","cache-control":"private","x-xss-protection":"0","x-frame-options":"SAMEORIGIN","x-content-type-options":"nosniff","alt-svc":"h3-29=\":443\"; ma=2592000,h3-T051=\":443\"; ma=2592000,h3-Q050=\":443\"; ma=2592000,h3-Q046=\":443\"; ma=2592000,h3-Q043=\":443\"; ma=2592000,quic=\":443\"; ma=2592000; v=\"46,43\"","accept-ranges":"none","transfer-encoding":"chunked"}
[debug] [2020-12-03T05:55:17.578Z] <<< HTTP RESPONSE 200 {"content-type":"application/json; charset=UTF-8","vary":"X-Origin, Referer, Origin,Accept-Encoding","date":"Thu, 03 Dec 2020 05:55:41 GMT","server":"ESF","cache-control":"private","x-xss-protection":"0","x-frame-options":"SAMEORIGIN","x-content-type-options":"nosniff","alt-svc":"h3-29=\":443\"; ma=2592000,h3-T051=\":443\"; ma=2592000,h3-Q050=\":443\"; ma=2592000,h3-Q046=\":443\"; ma=2592000,h3-Q043=\":443\"; ma=2592000,quic=\":443\"; ma=2592000; v=\"46,43\"","accept-ranges":"none","transfer-encoding":"chunked"}
[debug] [2020-12-03T05:55:19.552Z] >>> HTTP REQUEST GET https://cloudfunctions.googleapis.com/v1/operations/ZGF3ZXJhcHAvdXMtY2VudHJhbDEvcHVzaERhdGFFdmVyeU1pbnV0ZS93dXlJc09veE1Ldw  
 
[debug] [2020-12-03T05:55:19.575Z] >>> HTTP REQUEST GET https://cloudfunctions.googleapis.com/v1/operations/ZGF3ZXJhcHAvdXMtY2VudHJhbDEvbmV3Tm9kZURldGVjdGVkL2I3QW54S2Y5alNF  
 
[debug] [2020-12-03T05:55:19.579Z] >>> HTTP REQUEST GET https://cloudfunctions.googleapis.com/v1/operations/ZGF3ZXJhcHAvdXMtY2VudHJhbDEvcHVzaERhdGFFdmVyeURheS93X2drX2RzQTRVMA  
 
[debug] [2020-12-03T05:55:19.938Z] <<< HTTP RESPONSE 200 {"content-type":"application/json; charset=UTF-8","vary":"X-Origin, Referer, Origin,Accept-Encoding","date":"Thu, 03 Dec 2020 05:55:43 GMT","server":"ESF","cache-control":"private","x-xss-protection":"0","x-frame-options":"SAMEORIGIN","x-content-type-options":"nosniff","alt-svc":"h3-29=\":443\"; ma=2592000,h3-T051=\":443\"; ma=2592000,h3-Q050=\":443\"; ma=2592000,h3-Q046=\":443\"; ma=2592000,h3-Q043=\":443\"; ma=2592000,quic=\":443\"; ma=2592000; v=\"46,43\"","accept-ranges":"none","transfer-encoding":"chunked"}
[debug] [2020-12-03T05:55:19.974Z] <<< HTTP RESPONSE 200 {"content-type":"application/json; charset=UTF-8","vary":"X-Origin, Referer, Origin,Accept-Encoding","date":"Thu, 03 Dec 2020 05:55:43 GMT","server":"ESF","cache-control":"private","x-xss-protection":"0","x-frame-options":"SAMEORIGIN","x-content-type-options":"nosniff","alt-svc":"h3-29=\":443\"; ma=2592000,h3-T051=\":443\"; ma=2592000,h3-Q050=\":443\"; ma=2592000,h3-Q046=\":443\"; ma=2592000,h3-Q043=\":443\"; ma=2592000,quic=\":443\"; ma=2592000; v=\"46,43\"","accept-ranges":"none","transfer-encoding":"chunked"}
[debug] [2020-12-03T05:55:19.994Z] <<< HTTP RESPONSE 200 {"content-type":"application/json; charset=UTF-8","vary":"X-Origin, Referer, Origin,Accept-Encoding","date":"Thu, 03 Dec 2020 05:55:43 GMT","server":"ESF","cache-control":"private","x-xss-protection":"0","x-frame-options":"SAMEORIGIN","x-content-type-options":"nosniff","alt-svc":"h3-29=\":443\"; ma=2592000,h3-T051=\":443\"; ma=2592000,h3-Q050=\":443\"; ma=2592000,h3-Q046=\":443\"; ma=2592000,h3-Q043=\":443\"; ma=2592000,quic=\":443\"; ma=2592000; v=\"46,43\"","accept-ranges":"none","transfer-encoding":"chunked"}
[debug] [2020-12-03T05:55:21.942Z] >>> HTTP REQUEST GET https://cloudfunctions.googleapis.com/v1/operations/ZGF3ZXJhcHAvdXMtY2VudHJhbDEvcHVzaERhdGFFdmVyeU1pbnV0ZS93dXlJc09veE1Ldw  
 
[debug] [2020-12-03T05:55:21.975Z] >>> HTTP REQUEST GET https://cloudfunctions.googleapis.com/v1/operations/ZGF3ZXJhcHAvdXMtY2VudHJhbDEvbmV3Tm9kZURldGVjdGVkL2I3QW54S2Y5alNF  
 
[debug] [2020-12-03T05:55:21.995Z] >>> HTTP REQUEST GET https://cloudfunctions.googleapis.com/v1/operations/ZGF3ZXJhcHAvdXMtY2VudHJhbDEvcHVzaERhdGFFdmVyeURheS93X2drX2RzQTRVMA  
 
[debug] [2020-12-03T05:55:22.497Z] <<< HTTP RESPONSE 200 {"content-type":"application/json; charset=UTF-8","vary":"X-Origin, Referer, Origin,Accept-Encoding","date":"Thu, 03 Dec 2020 05:55:46 GMT","server":"ESF","cache-control":"private","x-xss-protection":"0","x-frame-options":"SAMEORIGIN","x-content-type-options":"nosniff","alt-svc":"h3-29=\":443\"; ma=2592000,h3-T051=\":443\"; ma=2592000,h3-Q050=\":443\"; ma=2592000,h3-Q046=\":443\"; ma=2592000,h3-Q043=\":443\"; ma=2592000,quic=\":443\"; ma=2592000; v=\"46,43\"","accept-ranges":"none","transfer-encoding":"chunked"}
[debug] [2020-12-03T05:55:22.503Z] <<< HTTP RESPONSE 200 {"content-type":"application/json; charset=UTF-8","vary":"X-Origin, Referer, Origin,Accept-Encoding","date":"Thu, 03 Dec 2020 05:55:46 GMT","server":"ESF","cache-control":"private","x-xss-protection":"0","x-frame-options":"SAMEORIGIN","x-content-type-options":"nosniff","alt-svc":"h3-29=\":443\"; ma=2592000,h3-T051=\":443\"; ma=2592000,h3-Q050=\":443\"; ma=2592000,h3-Q046=\":443\"; ma=2592000,h3-Q043=\":443\"; ma=2592000,quic=\":443\"; ma=2592000; v=\"46,43\"","accept-ranges":"none","transfer-encoding":"chunked"}
[debug] [2020-12-03T05:55:22.523Z] <<< HTTP RESPONSE 200 {"content-type":"application/json; charset=UTF-8","vary":"X-Origin, Referer, Origin,Accept-Encoding","date":"Thu, 03 Dec 2020 05:55:46 GMT","server":"ESF","cache-control":"private","x-xss-protection":"0","x-frame-options":"SAMEORIGIN","x-content-type-options":"nosniff","alt-svc":"h3-29=\":443\"; ma=2592000,h3-T051=\":443\"; ma=2592000,h3-Q050=\":443\"; ma=2592000,h3-Q046=\":443\"; ma=2592000,h3-Q043=\":443\"; ma=2592000,quic=\":443\"; ma=2592000; v=\"46,43\"","accept-ranges":"none","transfer-encoding":"chunked"}
[debug] [2020-12-03T05:55:24.500Z] >>> HTTP REQUEST GET https://cloudfunctions.googleapis.com/v1/operations/ZGF3ZXJhcHAvdXMtY2VudHJhbDEvbmV3Tm9kZURldGVjdGVkL2I3QW54S2Y5alNF  
 
[debug] [2020-12-03T05:55:24.504Z] >>> HTTP REQUEST GET https://cloudfunctions.googleapis.com/v1/operations/ZGF3ZXJhcHAvdXMtY2VudHJhbDEvcHVzaERhdGFFdmVyeURheS93X2drX2RzQTRVMA  
 
[debug] [2020-12-03T05:55:24.529Z] >>> HTTP REQUEST GET https://cloudfunctions.googleapis.com/v1/operations/ZGF3ZXJhcHAvdXMtY2VudHJhbDEvcHVzaERhdGFFdmVyeU1pbnV0ZS93dXlJc09veE1Ldw  
 
[debug] [2020-12-03T05:55:24.885Z] <<< HTTP RESPONSE 200 {"content-type":"application/json; charset=UTF-8","vary":"X-Origin, Referer, Origin,Accept-Encoding","date":"Thu, 03 Dec 2020 05:55:48 GMT","server":"ESF","cache-control":"private","x-xss-protection":"0","x-frame-options":"SAMEORIGIN","x-content-type-options":"nosniff","alt-svc":"h3-29=\":443\"; ma=2592000,h3-T051=\":443\"; ma=2592000,h3-Q050=\":443\"; ma=2592000,h3-Q046=\":443\"; ma=2592000,h3-Q043=\":443\"; ma=2592000,quic=\":443\"; ma=2592000; v=\"46,43\"","accept-ranges":"none","transfer-encoding":"chunked"}
[debug] [2020-12-03T05:55:24.940Z] <<< HTTP RESPONSE 200 {"content-type":"application/json; charset=UTF-8","vary":"X-Origin, Referer, Origin,Accept-Encoding","date":"Thu, 03 Dec 2020 05:55:48 GMT","server":"ESF","cache-control":"private","x-xss-protection":"0","x-frame-options":"SAMEORIGIN","x-content-type-options":"nosniff","alt-svc":"h3-29=\":443\"; ma=2592000,h3-T051=\":443\"; ma=2592000,h3-Q050=\":443\"; ma=2592000,h3-Q046=\":443\"; ma=2592000,h3-Q043=\":443\"; ma=2592000,quic=\":443\"; ma=2592000; v=\"46,43\"","accept-ranges":"none","transfer-encoding":"chunked"}
[debug] [2020-12-03T05:55:24.949Z] <<< HTTP RESPONSE 200 {"content-type":"application/json; charset=UTF-8","vary":"X-Origin, Referer, Origin,Accept-Encoding","date":"Thu, 03 Dec 2020 05:55:48 GMT","server":"ESF","cache-control":"private","x-xss-protection":"0","x-frame-options":"SAMEORIGIN","x-content-type-options":"nosniff","alt-svc":"h3-29=\":443\"; ma=2592000,h3-T051=\":443\"; ma=2592000,h3-Q050=\":443\"; ma=2592000,h3-Q046=\":443\"; ma=2592000,h3-Q043=\":443\"; ma=2592000,quic=\":443\"; ma=2592000; v=\"46,43\"","accept-ranges":"none","transfer-encoding":"chunked"}
[debug] [2020-12-03T05:55:26.890Z] >>> HTTP REQUEST GET https://cloudfunctions.googleapis.com/v1/operations/ZGF3ZXJhcHAvdXMtY2VudHJhbDEvcHVzaERhdGFFdmVyeURheS93X2drX2RzQTRVMA  
 
[debug] [2020-12-03T05:55:26.942Z] >>> HTTP REQUEST GET https://cloudfunctions.googleapis.com/v1/operations/ZGF3ZXJhcHAvdXMtY2VudHJhbDEvcHVzaERhdGFFdmVyeU1pbnV0ZS93dXlJc09veE1Ldw  
 
[debug] [2020-12-03T05:55:26.952Z] >>> HTTP REQUEST GET https://cloudfunctions.googleapis.com/v1/operations/ZGF3ZXJhcHAvdXMtY2VudHJhbDEvbmV3Tm9kZURldGVjdGVkL2I3QW54S2Y5alNF  
 
[debug] [2020-12-03T05:55:27.647Z] <<< HTTP RESPONSE 200 {"content-type":"application/json; charset=UTF-8","vary":"X-Origin, Referer, Origin,Accept-Encoding","date":"Thu, 03 Dec 2020 05:55:51 GMT","server":"ESF","cache-control":"private","x-xss-protection":"0","x-frame-options":"SAMEORIGIN","x-content-type-options":"nosniff","alt-svc":"h3-29=\":443\"; ma=2592000,h3-T051=\":443\"; ma=2592000,h3-Q050=\":443\"; ma=2592000,h3-Q046=\":443\"; ma=2592000,h3-Q043=\":443\"; ma=2592000,quic=\":443\"; ma=2592000; v=\"46,43\"","accept-ranges":"none","transfer-encoding":"chunked"}
[debug] [2020-12-03T05:55:27.653Z] <<< HTTP RESPONSE 200 {"content-type":"application/json; charset=UTF-8","vary":"X-Origin, Referer, Origin,Accept-Encoding","date":"Thu, 03 Dec 2020 05:55:51 GMT","server":"ESF","cache-control":"private","x-xss-protection":"0","x-frame-options":"SAMEORIGIN","x-content-type-options":"nosniff","alt-svc":"h3-29=\":443\"; ma=2592000,h3-T051=\":443\"; ma=2592000,h3-Q050=\":443\"; ma=2592000,h3-Q046=\":443\"; ma=2592000,h3-Q043=\":443\"; ma=2592000,quic=\":443\"; ma=2592000; v=\"46,43\"","accept-ranges":"none","transfer-encoding":"chunked"}
[debug] [2020-12-03T05:55:27.719Z] <<< HTTP RESPONSE 200 {"content-type":"application/json; charset=UTF-8","vary":"X-Origin, Referer, Origin,Accept-Encoding","date":"Thu, 03 Dec 2020 05:55:51 GMT","server":"ESF","cache-control":"private","x-xss-protection":"0","x-frame-options":"SAMEORIGIN","x-content-type-options":"nosniff","alt-svc":"h3-29=\":443\"; ma=2592000,h3-T051=\":443\"; ma=2592000,h3-Q050=\":443\"; ma=2592000,h3-Q046=\":443\"; ma=2592000,h3-Q043=\":443\"; ma=2592000,quic=\":443\"; ma=2592000; v=\"46,43\"","accept-ranges":"none","transfer-encoding":"chunked"}
[debug] [2020-12-03T05:55:29.650Z] >>> HTTP REQUEST GET https://cloudfunctions.googleapis.com/v1/operations/ZGF3ZXJhcHAvdXMtY2VudHJhbDEvcHVzaERhdGFFdmVyeU1pbnV0ZS93dXlJc09veE1Ldw  
 
[debug] [2020-12-03T05:55:29.654Z] >>> HTTP REQUEST GET https://cloudfunctions.googleapis.com/v1/operations/ZGF3ZXJhcHAvdXMtY2VudHJhbDEvcHVzaERhdGFFdmVyeURheS93X2drX2RzQTRVMA  
 
[debug] [2020-12-03T05:55:29.725Z] >>> HTTP REQUEST GET https://cloudfunctions.googleapis.com/v1/operations/ZGF3ZXJhcHAvdXMtY2VudHJhbDEvbmV3Tm9kZURldGVjdGVkL2I3QW54S2Y5alNF  
 
[debug] [2020-12-03T05:55:30.045Z] <<< HTTP RESPONSE 200 {"content-type":"application/json; charset=UTF-8","vary":"X-Origin, Referer, Origin,Accept-Encoding","date":"Thu, 03 Dec 2020 05:55:53 GMT","server":"ESF","cache-control":"private","x-xss-protection":"0","x-frame-options":"SAMEORIGIN","x-content-type-options":"nosniff","alt-svc":"h3-29=\":443\"; ma=2592000,h3-T051=\":443\"; ma=2592000,h3-Q050=\":443\"; ma=2592000,h3-Q046=\":443\"; ma=2592000,h3-Q043=\":443\"; ma=2592000,quic=\":443\"; ma=2592000; v=\"46,43\"","accept-ranges":"none","transfer-encoding":"chunked"}
[debug] [2020-12-03T05:55:30.079Z] <<< HTTP RESPONSE 200 {"content-type":"application/json; charset=UTF-8","vary":"X-Origin, Referer, Origin,Accept-Encoding","date":"Thu, 03 Dec 2020 05:55:54 GMT","server":"ESF","cache-control":"private","x-xss-protection":"0","x-frame-options":"SAMEORIGIN","x-content-type-options":"nosniff","alt-svc":"h3-29=\":443\"; ma=2592000,h3-T051=\":443\"; ma=2592000,h3-Q050=\":443\"; ma=2592000,h3-Q046=\":443\"; ma=2592000,h3-Q043=\":443\"; ma=2592000,quic=\":443\"; ma=2592000; v=\"46,43\"","accept-ranges":"none","transfer-encoding":"chunked"}
[debug] [2020-12-03T05:55:30.108Z] <<< HTTP RESPONSE 200 {"content-type":"application/json; charset=UTF-8","vary":"X-Origin, Referer, Origin,Accept-Encoding","date":"Thu, 03 Dec 2020 05:55:54 GMT","server":"ESF","cache-control":"private","x-xss-protection":"0","x-frame-options":"SAMEORIGIN","x-content-type-options":"nosniff","alt-svc":"h3-29=\":443\"; ma=2592000,h3-T051=\":443\"; ma=2592000,h3-Q050=\":443\"; ma=2592000,h3-Q046=\":443\"; ma=2592000,h3-Q043=\":443\"; ma=2592000,quic=\":443\"; ma=2592000; v=\"46,43\"","accept-ranges":"none","transfer-encoding":"chunked"}
[debug] [2020-12-03T05:55:32.047Z] >>> HTTP REQUEST GET https://cloudfunctions.googleapis.com/v1/operations/ZGF3ZXJhcHAvdXMtY2VudHJhbDEvcHVzaERhdGFFdmVyeURheS93X2drX2RzQTRVMA  
 
[debug] [2020-12-03T05:55:32.085Z] >>> HTTP REQUEST GET https://cloudfunctions.googleapis.com/v1/operations/ZGF3ZXJhcHAvdXMtY2VudHJhbDEvcHVzaERhdGFFdmVyeU1pbnV0ZS93dXlJc09veE1Ldw  
 
[debug] [2020-12-03T05:55:32.114Z] >>> HTTP REQUEST GET https://cloudfunctions.googleapis.com/v1/operations/ZGF3ZXJhcHAvdXMtY2VudHJhbDEvbmV3Tm9kZURldGVjdGVkL2I3QW54S2Y5alNF  
 
[debug] [2020-12-03T05:55:32.627Z] <<< HTTP RESPONSE 200 {"content-type":"application/json; charset=UTF-8","vary":"X-Origin, Referer, Origin,Accept-Encoding","date":"Thu, 03 Dec 2020 05:55:56 GMT","server":"ESF","cache-control":"private","x-xss-protection":"0","x-frame-options":"SAMEORIGIN","x-content-type-options":"nosniff","alt-svc":"h3-29=\":443\"; ma=2592000,h3-T051=\":443\"; ma=2592000,h3-Q050=\":443\"; ma=2592000,h3-Q046=\":443\"; ma=2592000,h3-Q043=\":443\"; ma=2592000,quic=\":443\"; ma=2592000; v=\"46,43\"","accept-ranges":"none","transfer-encoding":"chunked"}
[debug] [2020-12-03T05:55:32.631Z] <<< HTTP RESPONSE 200 {"content-type":"application/json; charset=UTF-8","vary":"X-Origin, Referer, Origin,Accept-Encoding","date":"Thu, 03 Dec 2020 05:55:56 GMT","server":"ESF","cache-control":"private","x-xss-protection":"0","x-frame-options":"SAMEORIGIN","x-content-type-options":"nosniff","alt-svc":"h3-29=\":443\"; ma=2592000,h3-T051=\":443\"; ma=2592000,h3-Q050=\":443\"; ma=2592000,h3-Q046=\":443\"; ma=2592000,h3-Q043=\":443\"; ma=2592000,quic=\":443\"; ma=2592000; v=\"46,43\"","accept-ranges":"none","transfer-encoding":"chunked"}
[debug] [2020-12-03T05:55:32.641Z] <<< HTTP RESPONSE 200 {"content-type":"application/json; charset=UTF-8","vary":"X-Origin, Referer, Origin,Accept-Encoding","date":"Thu, 03 Dec 2020 05:55:56 GMT","server":"ESF","cache-control":"private","x-xss-protection":"0","x-frame-options":"SAMEORIGIN","x-content-type-options":"nosniff","alt-svc":"h3-29=\":443\"; ma=2592000,h3-T051=\":443\"; ma=2592000,h3-Q050=\":443\"; ma=2592000,h3-Q046=\":443\"; ma=2592000,h3-Q043=\":443\"; ma=2592000,quic=\":443\"; ma=2592000; v=\"46,43\"","accept-ranges":"none","transfer-encoding":"chunked"}
[debug] [2020-12-03T05:55:34.633Z] >>> HTTP REQUEST GET https://cloudfunctions.googleapis.com/v1/operations/ZGF3ZXJhcHAvdXMtY2VudHJhbDEvcHVzaERhdGFFdmVyeU1pbnV0ZS93dXlJc09veE1Ldw  
 
[debug] [2020-12-03T05:55:34.635Z] >>> HTTP REQUEST GET https://cloudfunctions.googleapis.com/v1/operations/ZGF3ZXJhcHAvdXMtY2VudHJhbDEvcHVzaERhdGFFdmVyeURheS93X2drX2RzQTRVMA  
 
[debug] [2020-12-03T05:55:34.643Z] >>> HTTP REQUEST GET https://cloudfunctions.googleapis.com/v1/operations/ZGF3ZXJhcHAvdXMtY2VudHJhbDEvbmV3Tm9kZURldGVjdGVkL2I3QW54S2Y5alNF  
 
[debug] [2020-12-03T05:55:35.027Z] <<< HTTP RESPONSE 200 {"content-type":"application/json; charset=UTF-8","vary":"X-Origin, Referer, Origin,Accept-Encoding","date":"Thu, 03 Dec 2020 05:55:58 GMT","server":"ESF","cache-control":"private","x-xss-protection":"0","x-frame-options":"SAMEORIGIN","x-content-type-options":"nosniff","alt-svc":"h3-29=\":443\"; ma=2592000,h3-T051=\":443\"; ma=2592000,h3-Q050=\":443\"; ma=2592000,h3-Q046=\":443\"; ma=2592000,h3-Q043=\":443\"; ma=2592000,quic=\":443\"; ma=2592000; v=\"46,43\"","accept-ranges":"none","transfer-encoding":"chunked"}
[debug] [2020-12-03T05:55:35.031Z] <<< HTTP RESPONSE 200 {"content-type":"application/json; charset=UTF-8","vary":"X-Origin, Referer, Origin,Accept-Encoding","date":"Thu, 03 Dec 2020 05:55:58 GMT","server":"ESF","cache-control":"private","x-xss-protection":"0","x-frame-options":"SAMEORIGIN","x-content-type-options":"nosniff","alt-svc":"h3-29=\":443\"; ma=2592000,h3-T051=\":443\"; ma=2592000,h3-Q050=\":443\"; ma=2592000,h3-Q046=\":443\"; ma=2592000,h3-Q043=\":443\"; ma=2592000,quic=\":443\"; ma=2592000; v=\"46,43\"","accept-ranges":"none","transfer-encoding":"chunked"}
[debug] [2020-12-03T05:55:35.085Z] <<< HTTP RESPONSE 200 {"content-type":"application/json; charset=UTF-8","vary":"X-Origin, Referer, Origin,Accept-Encoding","date":"Thu, 03 Dec 2020 05:55:59 GMT","server":"ESF","cache-control":"private","x-xss-protection":"0","x-frame-options":"SAMEORIGIN","x-content-type-options":"nosniff","alt-svc":"h3-29=\":443\"; ma=2592000,h3-T051=\":443\"; ma=2592000,h3-Q050=\":443\"; ma=2592000,h3-Q046=\":443\"; ma=2592000,h3-Q043=\":443\"; ma=2592000,quic=\":443\"; ma=2592000; v=\"46,43\"","accept-ranges":"none","transfer-encoding":"chunked"}
[debug] [2020-12-03T05:55:37.029Z] >>> HTTP REQUEST GET https://cloudfunctions.googleapis.com/v1/operations/ZGF3ZXJhcHAvdXMtY2VudHJhbDEvcHVzaERhdGFFdmVyeU1pbnV0ZS93dXlJc09veE1Ldw  
 
[debug] [2020-12-03T05:55:37.032Z] >>> HTTP REQUEST GET https://cloudfunctions.googleapis.com/v1/operations/ZGF3ZXJhcHAvdXMtY2VudHJhbDEvbmV3Tm9kZURldGVjdGVkL2I3QW54S2Y5alNF  
 
[debug] [2020-12-03T05:55:37.086Z] >>> HTTP REQUEST GET https://cloudfunctions.googleapis.com/v1/operations/ZGF3ZXJhcHAvdXMtY2VudHJhbDEvcHVzaERhdGFFdmVyeURheS93X2drX2RzQTRVMA  
 
[debug] [2020-12-03T05:55:37.717Z] <<< HTTP RESPONSE 200 {"content-type":"application/json; charset=UTF-8","vary":"X-Origin, Referer, Origin,Accept-Encoding","date":"Thu, 03 Dec 2020 05:56:01 GMT","server":"ESF","cache-control":"private","x-xss-protection":"0","x-frame-options":"SAMEORIGIN","x-content-type-options":"nosniff","alt-svc":"h3-29=\":443\"; ma=2592000,h3-T051=\":443\"; ma=2592000,h3-Q050=\":443\"; ma=2592000,h3-Q046=\":443\"; ma=2592000,h3-Q043=\":443\"; ma=2592000,quic=\":443\"; ma=2592000; v=\"46,43\"","accept-ranges":"none","transfer-encoding":"chunked"}
[debug] [2020-12-03T05:55:37.740Z] <<< HTTP RESPONSE 200 {"content-type":"application/json; charset=UTF-8","vary":"X-Origin, Referer, Origin,Accept-Encoding","date":"Thu, 03 Dec 2020 05:56:01 GMT","server":"ESF","cache-control":"private","x-xss-protection":"0","x-frame-options":"SAMEORIGIN","x-content-type-options":"nosniff","alt-svc":"h3-29=\":443\"; ma=2592000,h3-T051=\":443\"; ma=2592000,h3-Q050=\":443\"; ma=2592000,h3-Q046=\":443\"; ma=2592000,h3-Q043=\":443\"; ma=2592000,quic=\":443\"; ma=2592000; v=\"46,43\"","accept-ranges":"none","transfer-encoding":"chunked"}
[debug] [2020-12-03T05:55:37.772Z] <<< HTTP RESPONSE 200 {"content-type":"application/json; charset=UTF-8","vary":"X-Origin, Referer, Origin,Accept-Encoding","date":"Thu, 03 Dec 2020 05:56:01 GMT","server":"ESF","cache-control":"private","x-xss-protection":"0","x-frame-options":"SAMEORIGIN","x-content-type-options":"nosniff","alt-svc":"h3-29=\":443\"; ma=2592000,h3-T051=\":443\"; ma=2592000,h3-Q050=\":443\"; ma=2592000,h3-Q046=\":443\"; ma=2592000,h3-Q043=\":443\"; ma=2592000,quic=\":443\"; ma=2592000; v=\"46,43\"","accept-ranges":"none","transfer-encoding":"chunked"}
[debug] [2020-12-03T05:55:39.718Z] >>> HTTP REQUEST GET https://cloudfunctions.googleapis.com/v1/operations/ZGF3ZXJhcHAvdXMtY2VudHJhbDEvcHVzaERhdGFFdmVyeU1pbnV0ZS93dXlJc09veE1Ldw  
 
[debug] [2020-12-03T05:55:39.742Z] >>> HTTP REQUEST GET https://cloudfunctions.googleapis.com/v1/operations/ZGF3ZXJhcHAvdXMtY2VudHJhbDEvcHVzaERhdGFFdmVyeURheS93X2drX2RzQTRVMA  
 
[debug] [2020-12-03T05:55:39.775Z] >>> HTTP REQUEST GET https://cloudfunctions.googleapis.com/v1/operations/ZGF3ZXJhcHAvdXMtY2VudHJhbDEvbmV3Tm9kZURldGVjdGVkL2I3QW54S2Y5alNF  
 
[debug] [2020-12-03T05:55:40.145Z] <<< HTTP RESPONSE 200 {"content-type":"application/json; charset=UTF-8","vary":"X-Origin, Referer, Origin,Accept-Encoding","date":"Thu, 03 Dec 2020 05:56:04 GMT","server":"ESF","cache-control":"private","x-xss-protection":"0","x-frame-options":"SAMEORIGIN","x-content-type-options":"nosniff","alt-svc":"h3-29=\":443\"; ma=2592000,h3-T051=\":443\"; ma=2592000,h3-Q050=\":443\"; ma=2592000,h3-Q046=\":443\"; ma=2592000,h3-Q043=\":443\"; ma=2592000,quic=\":443\"; ma=2592000; v=\"46,43\"","accept-ranges":"none","transfer-encoding":"chunked"}
[debug] [2020-12-03T05:55:40.156Z] <<< HTTP RESPONSE 200 {"content-type":"application/json; charset=UTF-8","vary":"X-Origin, Referer, Origin,Accept-Encoding","date":"Thu, 03 Dec 2020 05:56:04 GMT","server":"ESF","cache-control":"private","x-xss-protection":"0","x-frame-options":"SAMEORIGIN","x-content-type-options":"nosniff","alt-svc":"h3-29=\":443\"; ma=2592000,h3-T051=\":443\"; ma=2592000,h3-Q050=\":443\"; ma=2592000,h3-Q046=\":443\"; ma=2592000,h3-Q043=\":443\"; ma=2592000,quic=\":443\"; ma=2592000; v=\"46,43\"","accept-ranges":"none","transfer-encoding":"chunked"}
[debug] [2020-12-03T05:55:40.199Z] <<< HTTP RESPONSE 200 {"content-type":"application/json; charset=UTF-8","vary":"X-Origin, Referer, Origin,Accept-Encoding","date":"Thu, 03 Dec 2020 05:56:04 GMT","server":"ESF","cache-control":"private","x-xss-protection":"0","x-frame-options":"SAMEORIGIN","x-content-type-options":"nosniff","alt-svc":"h3-29=\":443\"; ma=2592000,h3-T051=\":443\"; ma=2592000,h3-Q050=\":443\"; ma=2592000,h3-Q046=\":443\"; ma=2592000,h3-Q043=\":443\"; ma=2592000,quic=\":443\"; ma=2592000; v=\"46,43\"","accept-ranges":"none","transfer-encoding":"chunked"}
[debug] [2020-12-03T05:55:42.146Z] >>> HTTP REQUEST GET https://cloudfunctions.googleapis.com/v1/operations/ZGF3ZXJhcHAvdXMtY2VudHJhbDEvcHVzaERhdGFFdmVyeURheS93X2drX2RzQTRVMA  
 
[debug] [2020-12-03T05:55:42.159Z] >>> HTTP REQUEST GET https://cloudfunctions.googleapis.com/v1/operations/ZGF3ZXJhcHAvdXMtY2VudHJhbDEvcHVzaERhdGFFdmVyeU1pbnV0ZS93dXlJc09veE1Ldw  
 
[debug] [2020-12-03T05:55:42.203Z] >>> HTTP REQUEST GET https://cloudfunctions.googleapis.com/v1/operations/ZGF3ZXJhcHAvdXMtY2VudHJhbDEvbmV3Tm9kZURldGVjdGVkL2I3QW54S2Y5alNF  
 
[debug] [2020-12-03T05:55:42.706Z] <<< HTTP RESPONSE 200 {"content-type":"application/json; charset=UTF-8","vary":"X-Origin, Referer, Origin,Accept-Encoding","date":"Thu, 03 Dec 2020 05:56:06 GMT","server":"ESF","cache-control":"private","x-xss-protection":"0","x-frame-options":"SAMEORIGIN","x-content-type-options":"nosniff","alt-svc":"h3-29=\":443\"; ma=2592000,h3-T051=\":443\"; ma=2592000,h3-Q050=\":443\"; ma=2592000,h3-Q046=\":443\"; ma=2592000,h3-Q043=\":443\"; ma=2592000,quic=\":443\"; ma=2592000; v=\"46,43\"","accept-ranges":"none","transfer-encoding":"chunked"}
[debug] [2020-12-03T05:55:42.759Z] <<< HTTP RESPONSE 200 {"content-type":"application/json; charset=UTF-8","vary":"X-Origin, Referer, Origin,Accept-Encoding","date":"Thu, 03 Dec 2020 05:56:06 GMT","server":"ESF","cache-control":"private","x-xss-protection":"0","x-frame-options":"SAMEORIGIN","x-content-type-options":"nosniff","alt-svc":"h3-29=\":443\"; ma=2592000,h3-T051=\":443\"; ma=2592000,h3-Q050=\":443\"; ma=2592000,h3-Q046=\":443\"; ma=2592000,h3-Q043=\":443\"; ma=2592000,quic=\":443\"; ma=2592000; v=\"46,43\"","accept-ranges":"none","transfer-encoding":"chunked"}
[debug] [2020-12-03T05:55:42.763Z] <<< HTTP RESPONSE 200 {"content-type":"application/json; charset=UTF-8","vary":"X-Origin, Referer, Origin,Accept-Encoding","date":"Thu, 03 Dec 2020 05:56:06 GMT","server":"ESF","cache-control":"private","x-xss-protection":"0","x-frame-options":"SAMEORIGIN","x-content-type-options":"nosniff","alt-svc":"h3-29=\":443\"; ma=2592000,h3-T051=\":443\"; ma=2592000,h3-Q050=\":443\"; ma=2592000,h3-Q046=\":443\"; ma=2592000,h3-Q043=\":443\"; ma=2592000,quic=\":443\"; ma=2592000; v=\"46,43\"","accept-ranges":"none","transfer-encoding":"chunked"}
[debug] [2020-12-03T05:55:44.710Z] >>> HTTP REQUEST GET https://cloudfunctions.googleapis.com/v1/operations/ZGF3ZXJhcHAvdXMtY2VudHJhbDEvbmV3Tm9kZURldGVjdGVkL2I3QW54S2Y5alNF  
 
[debug] [2020-12-03T05:55:44.762Z] >>> HTTP REQUEST GET https://cloudfunctions.googleapis.com/v1/operations/ZGF3ZXJhcHAvdXMtY2VudHJhbDEvcHVzaERhdGFFdmVyeU1pbnV0ZS93dXlJc09veE1Ldw  
 
[debug] [2020-12-03T05:55:44.765Z] >>> HTTP REQUEST GET https://cloudfunctions.googleapis.com/v1/operations/ZGF3ZXJhcHAvdXMtY2VudHJhbDEvcHVzaERhdGFFdmVyeURheS93X2drX2RzQTRVMA  
 
[debug] [2020-12-03T05:55:45.144Z] <<< HTTP RESPONSE 200 {"content-type":"application/json; charset=UTF-8","vary":"X-Origin, Referer, Origin,Accept-Encoding","date":"Thu, 03 Dec 2020 05:56:09 GMT","server":"ESF","cache-control":"private","x-xss-protection":"0","x-frame-options":"SAMEORIGIN","x-content-type-options":"nosniff","alt-svc":"h3-29=\":443\"; ma=2592000,h3-T051=\":443\"; ma=2592000,h3-Q050=\":443\"; ma=2592000,h3-Q046=\":443\"; ma=2592000,h3-Q043=\":443\"; ma=2592000,quic=\":443\"; ma=2592000; v=\"46,43\"","accept-ranges":"none","transfer-encoding":"chunked"}
[debug] [2020-12-03T05:55:45.148Z] <<< HTTP RESPONSE 200 {"content-type":"application/json; charset=UTF-8","vary":"X-Origin, Referer, Origin,Accept-Encoding","date":"Thu, 03 Dec 2020 05:56:09 GMT","server":"ESF","cache-control":"private","x-xss-protection":"0","x-frame-options":"SAMEORIGIN","x-content-type-options":"nosniff","alt-svc":"h3-29=\":443\"; ma=2592000,h3-T051=\":443\"; ma=2592000,h3-Q050=\":443\"; ma=2592000,h3-Q046=\":443\"; ma=2592000,h3-Q043=\":443\"; ma=2592000,quic=\":443\"; ma=2592000; v=\"46,43\"","accept-ranges":"none","transfer-encoding":"chunked"}
[debug] [2020-12-03T05:55:45.176Z] <<< HTTP RESPONSE 200 {"content-type":"application/json; charset=UTF-8","vary":"X-Origin, Referer, Origin,Accept-Encoding","date":"Thu, 03 Dec 2020 05:56:09 GMT","server":"ESF","cache-control":"private","x-xss-protection":"0","x-frame-options":"SAMEORIGIN","x-content-type-options":"nosniff","alt-svc":"h3-29=\":443\"; ma=2592000,h3-T051=\":443\"; ma=2592000,h3-Q050=\":443\"; ma=2592000,h3-Q046=\":443\"; ma=2592000,h3-Q043=\":443\"; ma=2592000,quic=\":443\"; ma=2592000; v=\"46,43\"","accept-ranges":"none","transfer-encoding":"chunked"}
[debug] [2020-12-03T05:55:47.149Z] >>> HTTP REQUEST GET https://cloudfunctions.googleapis.com/v1/operations/ZGF3ZXJhcHAvdXMtY2VudHJhbDEvbmV3Tm9kZURldGVjdGVkL2I3QW54S2Y5alNF  
 
[debug] [2020-12-03T05:55:47.149Z] >>> HTTP REQUEST GET https://cloudfunctions.googleapis.com/v1/operations/ZGF3ZXJhcHAvdXMtY2VudHJhbDEvcHVzaERhdGFFdmVyeU1pbnV0ZS93dXlJc09veE1Ldw  
 
[debug] [2020-12-03T05:55:47.178Z] >>> HTTP REQUEST GET https://cloudfunctions.googleapis.com/v1/operations/ZGF3ZXJhcHAvdXMtY2VudHJhbDEvcHVzaERhdGFFdmVyeURheS93X2drX2RzQTRVMA  
 
[debug] [2020-12-03T05:55:47.742Z] <<< HTTP RESPONSE 200 {"content-type":"application/json; charset=UTF-8","vary":"X-Origin, Referer, Origin,Accept-Encoding","date":"Thu, 03 Dec 2020 05:56:11 GMT","server":"ESF","cache-control":"private","x-xss-protection":"0","x-frame-options":"SAMEORIGIN","x-content-type-options":"nosniff","alt-svc":"h3-29=\":443\"; ma=2592000,h3-T051=\":443\"; ma=2592000,h3-Q050=\":443\"; ma=2592000,h3-Q046=\":443\"; ma=2592000,h3-Q043=\":443\"; ma=2592000,quic=\":443\"; ma=2592000; v=\"46,43\"","accept-ranges":"none","transfer-encoding":"chunked"}
[debug] [2020-12-03T05:55:47.790Z] <<< HTTP RESPONSE 200 {"content-type":"application/json; charset=UTF-8","vary":"X-Origin, Referer, Origin,Accept-Encoding","date":"Thu, 03 Dec 2020 05:56:11 GMT","server":"ESF","cache-control":"private","x-xss-protection":"0","x-frame-options":"SAMEORIGIN","x-content-type-options":"nosniff","alt-svc":"h3-29=\":443\"; ma=2592000,h3-T051=\":443\"; ma=2592000,h3-Q050=\":443\"; ma=2592000,h3-Q046=\":443\"; ma=2592000,h3-Q043=\":443\"; ma=2592000,quic=\":443\"; ma=2592000; v=\"46,43\"","accept-ranges":"none","transfer-encoding":"chunked"}
[debug] [2020-12-03T05:55:47.796Z] <<< HTTP RESPONSE 200 {"content-type":"application/json; charset=UTF-8","vary":"X-Origin, Referer, Origin,Accept-Encoding","date":"Thu, 03 Dec 2020 05:56:11 GMT","server":"ESF","cache-control":"private","x-xss-protection":"0","x-frame-options":"SAMEORIGIN","x-content-type-options":"nosniff","alt-svc":"h3-29=\":443\"; ma=2592000,h3-T051=\":443\"; ma=2592000,h3-Q050=\":443\"; ma=2592000,h3-Q046=\":443\"; ma=2592000,h3-Q043=\":443\"; ma=2592000,quic=\":443\"; ma=2592000; v=\"46,43\"","accept-ranges":"none","transfer-encoding":"chunked"}
[debug] [2020-12-03T05:55:49.744Z] >>> HTTP REQUEST GET https://cloudfunctions.googleapis.com/v1/operations/ZGF3ZXJhcHAvdXMtY2VudHJhbDEvcHVzaERhdGFFdmVyeU1pbnV0ZS93dXlJc09veE1Ldw  
 
[debug] [2020-12-03T05:55:49.797Z] >>> HTTP REQUEST GET https://cloudfunctions.googleapis.com/v1/operations/ZGF3ZXJhcHAvdXMtY2VudHJhbDEvcHVzaERhdGFFdmVyeURheS93X2drX2RzQTRVMA  
 
[debug] [2020-12-03T05:55:49.801Z] >>> HTTP REQUEST GET https://cloudfunctions.googleapis.com/v1/operations/ZGF3ZXJhcHAvdXMtY2VudHJhbDEvbmV3Tm9kZURldGVjdGVkL2I3QW54S2Y5alNF  
 
[debug] [2020-12-03T05:55:50.184Z] <<< HTTP RESPONSE 200 {"content-type":"application/json; charset=UTF-8","vary":"X-Origin, Referer, Origin,Accept-Encoding","date":"Thu, 03 Dec 2020 05:56:14 GMT","server":"ESF","cache-control":"private","x-xss-protection":"0","x-frame-options":"SAMEORIGIN","x-content-type-options":"nosniff","alt-svc":"h3-29=\":443\"; ma=2592000,h3-T051=\":443\"; ma=2592000,h3-Q050=\":443\"; ma=2592000,h3-Q046=\":443\"; ma=2592000,h3-Q043=\":443\"; ma=2592000,quic=\":443\"; ma=2592000; v=\"46,43\"","accept-ranges":"none","transfer-encoding":"chunked"}
[debug] [2020-12-03T05:55:50.221Z] <<< HTTP RESPONSE 200 {"content-type":"application/json; charset=UTF-8","vary":"X-Origin, Referer, Origin,Accept-Encoding","date":"Thu, 03 Dec 2020 05:56:14 GMT","server":"ESF","cache-control":"private","x-xss-protection":"0","x-frame-options":"SAMEORIGIN","x-content-type-options":"nosniff","alt-svc":"h3-29=\":443\"; ma=2592000,h3-T051=\":443\"; ma=2592000,h3-Q050=\":443\"; ma=2592000,h3-Q046=\":443\"; ma=2592000,h3-Q043=\":443\"; ma=2592000,quic=\":443\"; ma=2592000; v=\"46,43\"","accept-ranges":"none","transfer-encoding":"chunked"}
[debug] [2020-12-03T05:55:50.231Z] <<< HTTP RESPONSE 200 {"content-type":"application/json; charset=UTF-8","vary":"X-Origin, Referer, Origin,Accept-Encoding","date":"Thu, 03 Dec 2020 05:56:14 GMT","server":"ESF","cache-control":"private","x-xss-protection":"0","x-frame-options":"SAMEORIGIN","x-content-type-options":"nosniff","alt-svc":"h3-29=\":443\"; ma=2592000,h3-T051=\":443\"; ma=2592000,h3-Q050=\":443\"; ma=2592000,h3-Q046=\":443\"; ma=2592000,h3-Q043=\":443\"; ma=2592000,quic=\":443\"; ma=2592000; v=\"46,43\"","accept-ranges":"none","transfer-encoding":"chunked"}
[debug] [2020-12-03T05:55:52.186Z] >>> HTTP REQUEST GET https://cloudfunctions.googleapis.com/v1/operations/ZGF3ZXJhcHAvdXMtY2VudHJhbDEvcHVzaERhdGFFdmVyeU1pbnV0ZS93dXlJc09veE1Ldw  
 
[debug] [2020-12-03T05:55:52.225Z] >>> HTTP REQUEST GET https://cloudfunctions.googleapis.com/v1/operations/ZGF3ZXJhcHAvdXMtY2VudHJhbDEvbmV3Tm9kZURldGVjdGVkL2I3QW54S2Y5alNF  
 
[debug] [2020-12-03T05:55:52.233Z] >>> HTTP REQUEST GET https://cloudfunctions.googleapis.com/v1/operations/ZGF3ZXJhcHAvdXMtY2VudHJhbDEvcHVzaERhdGFFdmVyeURheS93X2drX2RzQTRVMA  
 
[debug] [2020-12-03T05:55:52.814Z] <<< HTTP RESPONSE 200 {"content-type":"application/json; charset=UTF-8","vary":"X-Origin, Referer, Origin,Accept-Encoding","date":"Thu, 03 Dec 2020 05:56:16 GMT","server":"ESF","cache-control":"private","x-xss-protection":"0","x-frame-options":"SAMEORIGIN","x-content-type-options":"nosniff","alt-svc":"h3-29=\":443\"; ma=2592000,h3-T051=\":443\"; ma=2592000,h3-Q050=\":443\"; ma=2592000,h3-Q046=\":443\"; ma=2592000,h3-Q043=\":443\"; ma=2592000,quic=\":443\"; ma=2592000; v=\"46,43\"","accept-ranges":"none","transfer-encoding":"chunked"}
[debug] [2020-12-03T05:55:52.820Z] <<< HTTP RESPONSE 200 {"content-type":"application/json; charset=UTF-8","vary":"X-Origin, Referer, Origin,Accept-Encoding","date":"Thu, 03 Dec 2020 05:56:16 GMT","server":"ESF","cache-control":"private","x-xss-protection":"0","x-frame-options":"SAMEORIGIN","x-content-type-options":"nosniff","alt-svc":"h3-29=\":443\"; ma=2592000,h3-T051=\":443\"; ma=2592000,h3-Q050=\":443\"; ma=2592000,h3-Q046=\":443\"; ma=2592000,h3-Q043=\":443\"; ma=2592000,quic=\":443\"; ma=2592000; v=\"46,43\"","accept-ranges":"none","transfer-encoding":"chunked"}
[debug] [2020-12-03T05:55:52.837Z] <<< HTTP RESPONSE 200 {"content-type":"application/json; charset=UTF-8","vary":"X-Origin, Referer, Origin,Accept-Encoding","date":"Thu, 03 Dec 2020 05:56:16 GMT","server":"ESF","cache-control":"private","x-xss-protection":"0","x-frame-options":"SAMEORIGIN","x-content-type-options":"nosniff","alt-svc":"h3-29=\":443\"; ma=2592000,h3-T051=\":443\"; ma=2592000,h3-Q050=\":443\"; ma=2592000,h3-Q046=\":443\"; ma=2592000,h3-Q043=\":443\"; ma=2592000,quic=\":443\"; ma=2592000; v=\"46,43\"","accept-ranges":"none","transfer-encoding":"chunked"}
[debug] [2020-12-03T05:55:54.818Z] >>> HTTP REQUEST GET https://cloudfunctions.googleapis.com/v1/operations/ZGF3ZXJhcHAvdXMtY2VudHJhbDEvbmV3Tm9kZURldGVjdGVkL2I3QW54S2Y5alNF  
 
[debug] [2020-12-03T05:55:54.824Z] >>> HTTP REQUEST GET https://cloudfunctions.googleapis.com/v1/operations/ZGF3ZXJhcHAvdXMtY2VudHJhbDEvcHVzaERhdGFFdmVyeURheS93X2drX2RzQTRVMA  
 
[debug] [2020-12-03T05:55:54.840Z] >>> HTTP REQUEST GET https://cloudfunctions.googleapis.com/v1/operations/ZGF3ZXJhcHAvdXMtY2VudHJhbDEvcHVzaERhdGFFdmVyeU1pbnV0ZS93dXlJc09veE1Ldw  
 
[debug] [2020-12-03T05:55:55.233Z] <<< HTTP RESPONSE 200 {"content-type":"application/json; charset=UTF-8","vary":"X-Origin, Referer, Origin,Accept-Encoding","date":"Thu, 03 Dec 2020 05:56:19 GMT","server":"ESF","cache-control":"private","x-xss-protection":"0","x-frame-options":"SAMEORIGIN","x-content-type-options":"nosniff","alt-svc":"h3-29=\":443\"; ma=2592000,h3-T051=\":443\"; ma=2592000,h3-Q050=\":443\"; ma=2592000,h3-Q046=\":443\"; ma=2592000,h3-Q043=\":443\"; ma=2592000,quic=\":443\"; ma=2592000; v=\"46,43\"","accept-ranges":"none","transfer-encoding":"chunked"}
[debug] [2020-12-03T05:55:55.236Z] <<< HTTP RESPONSE 200 {"content-type":"application/json; charset=UTF-8","vary":"X-Origin, Referer, Origin,Accept-Encoding","date":"Thu, 03 Dec 2020 05:56:19 GMT","server":"ESF","cache-control":"private","x-xss-protection":"0","x-frame-options":"SAMEORIGIN","x-content-type-options":"nosniff","alt-svc":"h3-29=\":443\"; ma=2592000,h3-T051=\":443\"; ma=2592000,h3-Q050=\":443\"; ma=2592000,h3-Q046=\":443\"; ma=2592000,h3-Q043=\":443\"; ma=2592000,quic=\":443\"; ma=2592000; v=\"46,43\"","accept-ranges":"none","transfer-encoding":"chunked"}
[debug] [2020-12-03T05:55:55.276Z] <<< HTTP RESPONSE 200 {"content-type":"application/json; charset=UTF-8","vary":"X-Origin, Referer, Origin,Accept-Encoding","date":"Thu, 03 Dec 2020 05:56:19 GMT","server":"ESF","cache-control":"private","x-xss-protection":"0","x-frame-options":"SAMEORIGIN","x-content-type-options":"nosniff","alt-svc":"h3-29=\":443\"; ma=2592000,h3-T051=\":443\"; ma=2592000,h3-Q050=\":443\"; ma=2592000,h3-Q046=\":443\"; ma=2592000,h3-Q043=\":443\"; ma=2592000,quic=\":443\"; ma=2592000; v=\"46,43\"","accept-ranges":"none","transfer-encoding":"chunked"}
[debug] [2020-12-03T05:55:57.239Z] >>> HTTP REQUEST GET https://cloudfunctions.googleapis.com/v1/operations/ZGF3ZXJhcHAvdXMtY2VudHJhbDEvcHVzaERhdGFFdmVyeURheS93X2drX2RzQTRVMA  
 
[debug] [2020-12-03T05:55:57.240Z] >>> HTTP REQUEST GET https://cloudfunctions.googleapis.com/v1/operations/ZGF3ZXJhcHAvdXMtY2VudHJhbDEvbmV3Tm9kZURldGVjdGVkL2I3QW54S2Y5alNF  
 
[debug] [2020-12-03T05:55:57.282Z] >>> HTTP REQUEST GET https://cloudfunctions.googleapis.com/v1/operations/ZGF3ZXJhcHAvdXMtY2VudHJhbDEvcHVzaERhdGFFdmVyeU1pbnV0ZS93dXlJc09veE1Ldw  
 
[debug] [2020-12-03T05:55:57.881Z] <<< HTTP RESPONSE 200 {"content-type":"application/json; charset=UTF-8","vary":"X-Origin, Referer, Origin,Accept-Encoding","date":"Thu, 03 Dec 2020 05:56:21 GMT","server":"ESF","cache-control":"private","x-xss-protection":"0","x-frame-options":"SAMEORIGIN","x-content-type-options":"nosniff","alt-svc":"h3-29=\":443\"; ma=2592000,h3-T051=\":443\"; ma=2592000,h3-Q050=\":443\"; ma=2592000,h3-Q046=\":443\"; ma=2592000,h3-Q043=\":443\"; ma=2592000,quic=\":443\"; ma=2592000; v=\"46,43\"","accept-ranges":"none","transfer-encoding":"chunked"}
[debug] [2020-12-03T05:55:57.910Z] <<< HTTP RESPONSE 200 {"content-type":"application/json; charset=UTF-8","vary":"X-Origin, Referer, Origin,Accept-Encoding","date":"Thu, 03 Dec 2020 05:56:21 GMT","server":"ESF","cache-control":"private","x-xss-protection":"0","x-frame-options":"SAMEORIGIN","x-content-type-options":"nosniff","alt-svc":"h3-29=\":443\"; ma=2592000,h3-T051=\":443\"; ma=2592000,h3-Q050=\":443\"; ma=2592000,h3-Q046=\":443\"; ma=2592000,h3-Q043=\":443\"; ma=2592000,quic=\":443\"; ma=2592000; v=\"46,43\"","accept-ranges":"none","transfer-encoding":"chunked"}
[debug] [2020-12-03T05:55:57.943Z] <<< HTTP RESPONSE 200 {"content-type":"application/json; charset=UTF-8","vary":"X-Origin, Referer, Origin,Accept-Encoding","date":"Thu, 03 Dec 2020 05:56:21 GMT","server":"ESF","cache-control":"private","x-xss-protection":"0","x-frame-options":"SAMEORIGIN","x-content-type-options":"nosniff","alt-svc":"h3-29=\":443\"; ma=2592000,h3-T051=\":443\"; ma=2592000,h3-Q050=\":443\"; ma=2592000,h3-Q046=\":443\"; ma=2592000,h3-Q043=\":443\"; ma=2592000,quic=\":443\"; ma=2592000; v=\"46,43\"","accept-ranges":"none","transfer-encoding":"chunked"}
